Using pre-set license
Built from '2021.3/staging' branch; Version is '2021.3.6f1 (7da38d85baf6) revision 8233869'; Using compiler version '192829333'; Build Type 'Release'
OS: 'Windows 10  (10.0.19044) 64bit Professional' Language: 'ko' Physical Memory: 16163 MB
BatchMode: 1, IsHumanControllingUs: 0, StartBugReporterOnCrash: 0, Is64bit: 1, IsPro: 1

COMMAND LINE ARGUMENTS:
C:\Program Files\Unity\Hub\Editor\2021.3.6f1\Editor\Unity.exe
-adb2
-batchMode
-noUpm
-name
AssetImportWorker4
-projectPath
C:/Users/USER/UnityProject/GitHub/MyUdemyZombie/MyUdemyZombie
-logFile
Logs/AssetImportWorker4.log
-srvPort
7451
Successfully changed project path to: C:/Users/USER/UnityProject/GitHub/MyUdemyZombie/MyUdemyZombie
C:/Users/USER/UnityProject/GitHub/MyUdemyZombie/MyUdemyZombie
[UnityMemory] Configuration Parameters - Can be set up in boot.config
    "memorysetup-bucket-allocator-granularity=16"
    "memorysetup-bucket-allocator-bucket-count=8"
    "memorysetup-bucket-allocator-block-size=33554432"
    "memorysetup-bucket-allocator-block-count=8"
    "memorysetup-main-allocator-block-size=16777216"
    "memorysetup-thread-allocator-block-size=16777216"
    "memorysetup-gfx-main-allocator-block-size=16777216"
    "memorysetup-gfx-thread-allocator-block-size=16777216"
    "memorysetup-cache-allocator-block-size=4194304"
    "memorysetup-typetree-allocator-block-size=2097152"
    "memorysetup-profiler-bucket-allocator-granularity=16"
    "memorysetup-profiler-bucket-allocator-bucket-count=8"
    "memorysetup-profiler-bucket-allocator-block-size=33554432"
    "memorysetup-profiler-bucket-allocator-block-count=8"
    "memorysetup-profiler-allocator-block-size=16777216"
    "memorysetup-profiler-editor-allocator-block-size=1048576"
    "memorysetup-temp-allocator-size-main=16777216"
    "memorysetup-job-temp-allocator-block-size=2097152"
    "memorysetup-job-temp-allocator-block-size-background=1048576"
    "memorysetup-job-temp-allocator-reduction-small-platforms=262144"
    "memorysetup-temp-allocator-size-background-worker=32768"
    "memorysetup-temp-allocator-size-job-worker=262144"
    "memorysetup-temp-allocator-size-preload-manager=33554432"
    "memorysetup-temp-allocator-size-nav-mesh-worker=65536"
    "memorysetup-temp-allocator-size-audio-worker=65536"
    "memorysetup-temp-allocator-size-cloud-worker=32768"
    "memorysetup-temp-allocator-size-gi-baking-worker=262144"
    "memorysetup-temp-allocator-size-gfx=262144"
Refreshing native plugins compatible for Editor in 88.61 ms, found 3 plugins.
Preloading 0 native plugins for Editor in 0.00 ms.
Initialize engine version: 2021.3.6f1 (7da38d85baf6)
[Subsystems] Discovering subsystems at path C:/Program Files/Unity/Hub/Editor/2021.3.6f1/Editor/Data/Resources/UnitySubsystems
[Subsystems] Discovering subsystems at path C:/Users/USER/UnityProject/GitHub/MyUdemyZombie/MyUdemyZombie/Assets
GfxDevice: creating device client; threaded=0; jobified=0
Direct3D:
    Version:  Direct3D 11.0 [level 11.1]
    Renderer: NVIDIA GeForce RTX 3050 Ti Laptop GPU (ID=0x25a0)
    Vendor:   NVIDIA
    VRAM:     3990 MB
    Driver:   30.0.15.1215
Initialize mono
Mono path[0] = 'C:/Program Files/Unity/Hub/Editor/2021.3.6f1/Editor/Data/Managed'
Mono path[1] = 'C:/Program Files/Unity/Hub/Editor/2021.3.6f1/Editor/Data/MonoBleedingEdge/lib/mono/unityjit-win32'
Mono config path = 'C:/Program Files/Unity/Hub/Editor/2021.3.6f1/Editor/Data/MonoBleedingEdge/etc'
Using monoOptions --debugger-agent=transport=dt_socket,embedding=1,server=y,suspend=n,address=127.0.0.1:56128
Begin MonoManager ReloadAssembly
Registering precompiled unity dll's ...
Register platform support module: C:/Program Files/Unity/Hub/Editor/2021.3.6f1/Editor/Data/PlaybackEngines/WebGLSupport/UnityEditor.WebGL.Extensions.dll
Register platform support module: C:/Program Files/Unity/Hub/Editor/2021.3.6f1/Editor/Data/PlaybackEngines/AndroidPlayer/UnityEditor.Android.Extensions.dll
Register platform support module: C:/Program Files/Unity/Hub/Editor/2021.3.6f1/Editor/Data/PlaybackEngines/WindowsStandaloneSupport/UnityEditor.WindowsStandalone.Extensions.dll
Registered in 0.003402 seconds.
Native extension for WindowsStandalone target not found
Native extension for Android target not found
Native extension for WebGL target not found
Refreshing native plugins compatible for Editor in 84.60 ms, found 3 plugins.
Preloading 0 native plugins for Editor in 0.00 ms.
Mono: successfully reloaded assembly
- Completed reload, in  0.510 seconds
Domain Reload Profiling:
	ReloadAssembly (510ms)
		BeginReloadAssembly (53ms)
			ExecutionOrderSort (0ms)
			DisableScriptedObjects (0ms)
			BackupInstance (0ms)
			ReleaseScriptingObjects (0ms)
			CreateAndSetChildDomain (1ms)
		EndReloadAssembly (380ms)
			LoadAssemblies (52ms)
			RebuildTransferFunctionScriptingTraits (0ms)
			SetupTypeCache (81ms)
			ReleaseScriptCaches (0ms)
			RebuildScriptCaches (22ms)
			SetupLoadedEditorAssemblies (240ms)
				LogAssemblyErrors (0ms)
				InitializePlatformSupportModulesInManaged (45ms)
				SetLoadedEditorAssemblies (1ms)
				RefreshPlugins (85ms)
				BeforeProcessingInitializeOnLoad (1ms)
				ProcessInitializeOnLoadAttributes (75ms)
				ProcessInitializeOnLoadMethodAttributes (34ms)
				AfterProcessingInitializeOnLoad (0ms)
				EditorAssembliesLoaded (0ms)
			ExecutionOrderSort2 (0ms)
			AwakeInstancesAfterBackupRestoration (0ms)
Platform modules already initialized, skipping
Registering precompiled user dll's ...
Registered in 0.003290 seconds.
Begin MonoManager ReloadAssembly
Symbol file LoadedFromMemory doesn't match image C:\Users\USER\UnityProject\GitHub\MyUdemyZombie\MyUdemyZombie\Library\PackageCache\com.unity.visualscripting@1.7.8\Editor\VisualScripting.Core\Dependencies\YamlDotNet\Unity.VisualScripting.YamlDotNet.dll
Symbol file LoadedFromMemory doesn't match image C:\Users\USER\UnityProject\GitHub\MyUdemyZombie\MyUdemyZombie\Library\PackageCache\com.unity.visualscripting@1.7.8\Editor\VisualScripting.Core\Dependencies\DotNetZip\Unity.VisualScripting.IonicZip.dll
Native extension for WindowsStandalone target not found
Native extension for Android target not found
Native extension for WebGL target not found
Refreshing native plugins compatible for Editor in 84.07 ms, found 3 plugins.
Preloading 0 native plugins for Editor in 0.00 ms.
Mono: successfully reloaded assembly
- Completed reload, in  1.088 seconds
Domain Reload Profiling:
	ReloadAssembly (1089ms)
		BeginReloadAssembly (200ms)
			ExecutionOrderSort (0ms)
			DisableScriptedObjects (5ms)
			BackupInstance (0ms)
			ReleaseScriptingObjects (0ms)
			CreateAndSetChildDomain (129ms)
		EndReloadAssembly (806ms)
			LoadAssemblies (64ms)
			RebuildTransferFunctionScriptingTraits (0ms)
			SetupTypeCache (209ms)
			ReleaseScriptCaches (1ms)
			RebuildScriptCaches (49ms)
			SetupLoadedEditorAssemblies (453ms)
				LogAssemblyErrors (0ms)
				InitializePlatformSupportModulesInManaged (10ms)
				SetLoadedEditorAssemblies (0ms)
				RefreshPlugins (84ms)
				BeforeProcessingInitializeOnLoad (78ms)
				ProcessInitializeOnLoadAttributes (259ms)
				ProcessInitializeOnLoadMethodAttributes (19ms)
				AfterProcessingInitializeOnLoad (3ms)
				EditorAssembliesLoaded (0ms)
			ExecutionOrderSort2 (0ms)
			AwakeInstancesAfterBackupRestoration (4ms)
Platform modules already initialized, skipping
========================================================================
Worker process is ready to serve import requests
Launched and connected shader compiler UnityShaderCompiler.exe after 0.03 seconds
Refreshing native plugins compatible for Editor in 0.71 ms, found 3 plugins.
Preloading 0 native plugins for Editor in 0.00 ms.
Unloading 4067 Unused Serialized files (Serialized files now loaded: 0)
Unloading 55 unused Assets / (1.4 MB). Loaded Objects now: 4520.
Memory consumption went from 230.9 MB to 229.5 MB.
Total: 3.204700 ms (FindLiveObjects: 0.420700 ms CreateObjectMapping: 0.124800 ms MarkObjects: 2.342000 ms  DeleteObjects: 0.316300 ms)

AssetImportParameters requested are different than current active one (requested -> active):
  custom:video-decoder-ogg-theora: a1e56fd34408186e4bbccfd4996cb3dc -> 
  custom:container-muxer-webm: aa71ff27fc2769a1b78a27578f13a17b -> 
  custom:container-demuxer-webm: 4f35f7cbe854078d1ac9338744f61a02 -> 
  custom:video-encoder-webm-vp8: eb34c28f22e8b96e1ab97ce403110664 -> 
  custom:audio-encoder-webm-vorbis: bf7c407c2cedff20999df2af8eb42d56 -> 
  custom:framework-win-MediaFoundation: 216162199b28c13a410421893ffa2e32 -> 
  custom:container-demuxer-ogg: 62fdf1f143b41e24485cea50d1cbac27 -> 
  custom:video-decoder-webm-vp8: 9c59270c3fd7afecdb556c50c9e8de78 -> 
  custom:audio-decoder-ogg-vorbis: bf7c407c2cedff20999df2af8eb42d56 -> 
========================================================================
Received Import Request.
  Time since last request: 56202.046818 seconds.
  path: Assets/Game Assets/Guns/assault1/assault1.fbx
  artifactKey: Guid(33269b2b610f4c245a712795c1927939) Importer(815301076,1909f56bfc062723c751e8b465ee728b)
Start importing Assets/Game Assets/Guns/assault1/assault1.fbx using Guid(33269b2b610f4c245a712795c1927939) Importer(815301076,1909f56bfc062723c751e8b465ee728b)  -> (artifact id: '41592afcefd10eacd44ea81ce583cd0d') in 0.226058 seconds 
========================================================================
Received Import Request.
  Time since last request: 2.015790 seconds.
  path: Assets/Game Assets/Guns/assault2/assault2.fbx
  artifactKey: Guid(6bea03a7115c5d748b18a7573d0d4d2b) Importer(815301076,1909f56bfc062723c751e8b465ee728b)
Start importing Assets/Game Assets/Guns/assault2/assault2.fbx using Guid(6bea03a7115c5d748b18a7573d0d4d2b) Importer(815301076,1909f56bfc062723c751e8b465ee728b)  -> (artifact id: '0bd07de076ac33966ae4132170bd68f7') in 0.071532 seconds 
========================================================================
Received Import Request.
  Time since last request: 1.442444 seconds.
  path: Assets/Game Assets/Guns/assault3/assault3.fbx
  artifactKey: Guid(e525d5c90c0df01498dca09570cfb5ec) Importer(815301076,1909f56bfc062723c751e8b465ee728b)
Start importing Assets/Game Assets/Guns/assault3/assault3.fbx using Guid(e525d5c90c0df01498dca09570cfb5ec) Importer(815301076,1909f56bfc062723c751e8b465ee728b)  -> (artifact id: '3d40c7370b91f51ed48ae5d421f7196e') in 0.047180 seconds 
========================================================================
Received Import Request.
  Time since last request: 0.846716 seconds.
  path: Assets/Game Assets/Guns/pistol1/pistol1.fbx
  artifactKey: Guid(4df3ce82db8e66645afd54ab1d5b0262) Importer(815301076,1909f56bfc062723c751e8b465ee728b)
Start importing Assets/Game Assets/Guns/pistol1/pistol1.fbx using Guid(4df3ce82db8e66645afd54ab1d5b0262) Importer(815301076,1909f56bfc062723c751e8b465ee728b)  -> (artifact id: '4f920d146347dff4d4af3771e323b634') in 0.017962 seconds 
========================================================================
Received Import Request.
  Time since last request: 1.824097 seconds.
  path: Assets/Game Assets/Guns/pistol2/pistol2.fbx
  artifactKey: Guid(8f9696fb6017be144a307b6586855ac0) Importer(815301076,1909f56bfc062723c751e8b465ee728b)
Start importing Assets/Game Assets/Guns/pistol2/pistol2.fbx using Guid(8f9696fb6017be144a307b6586855ac0) Importer(815301076,1909f56bfc062723c751e8b465ee728b)  -> (artifact id: 'ba4f826cb53f0581d9b592e350452d6e') in 0.018099 seconds 
========================================================================
Received Import Request.
  Time since last request: 0.839650 seconds.
  path: Assets/Game Assets/Guns/pistol3/pistol3.fbx
  artifactKey: Guid(726e329e1719c8f42949342e6a5b42e3) Importer(815301076,1909f56bfc062723c751e8b465ee728b)
Start importing Assets/Game Assets/Guns/pistol3/pistol3.fbx using Guid(726e329e1719c8f42949342e6a5b42e3) Importer(815301076,1909f56bfc062723c751e8b465ee728b)  -> (artifact id: '3a5e9f6b3afd69a78b621fb23a16757e') in 0.018180 seconds 
========================================================================
Received Import Request.
  Time since last request: 1.419123 seconds.
  path: Assets/Game Assets/Guns/pistol4/pistol4.fbx
  artifactKey: Guid(ca1c64f7c147fb0479f9ef03e264a372) Importer(815301076,1909f56bfc062723c751e8b465ee728b)
Start importing Assets/Game Assets/Guns/pistol4/pistol4.fbx using Guid(ca1c64f7c147fb0479f9ef03e264a372) Importer(815301076,1909f56bfc062723c751e8b465ee728b)  -> (artifact id: 'b54c5af177a98c190531605ef05e9b33') in 0.027490 seconds 
========================================================================
Received Import Request.
  Time since last request: 1.023061 seconds.
  path: Assets/Game Assets/Guns/shotgun1/shotgun1.fbx
  artifactKey: Guid(f62f7dc06bd890d4aab43b8fd635fe02) Importer(815301076,1909f56bfc062723c751e8b465ee728b)
Start importing Assets/Game Assets/Guns/shotgun1/shotgun1.fbx using Guid(f62f7dc06bd890d4aab43b8fd635fe02) Importer(815301076,1909f56bfc062723c751e8b465ee728b)  -> (artifact id: '80a892f762bfe3c062a8517397ea7596') in 0.026055 seconds 
========================================================================
Received Import Request.
  Time since last request: 1.656226 seconds.
  path: Assets/Game Assets/Guns/shotgun2/shotgun2.fbx
  artifactKey: Guid(8b36fb41929fc22429f0083d817b8040) Importer(815301076,1909f56bfc062723c751e8b465ee728b)
Start importing Assets/Game Assets/Guns/shotgun2/shotgun2.fbx using Guid(8b36fb41929fc22429f0083d817b8040) Importer(815301076,1909f56bfc062723c751e8b465ee728b)  -> (artifact id: '2dece96db244d0f9706d84996cafba4c') in 0.021264 seconds 
========================================================================
Received Import Request.
  Time since last request: 0.588383 seconds.
  path: Assets/Game Assets/Guns/smg1/smg1.fbx
  artifactKey: Guid(2cf10fa706c7a4d42b5927d8e730f4e2) Importer(815301076,1909f56bfc062723c751e8b465ee728b)
Start importing Assets/Game Assets/Guns/smg1/smg1.fbx using Guid(2cf10fa706c7a4d42b5927d8e730f4e2) Importer(815301076,1909f56bfc062723c751e8b465ee728b)  -> (artifact id: '8f97668aba88920f28d2f1037e5d833b') in 0.100872 seconds 
========================================================================
Received Import Request.
  Time since last request: 0.417585 seconds.
  path: Assets/Game Assets/Guns/sniper1/sniper1.fbx
  artifactKey: Guid(60d91f925d8c1e442bb6596dfb94ffff) Importer(815301076,1909f56bfc062723c751e8b465ee728b)
Start importing Assets/Game Assets/Guns/sniper1/sniper1.fbx using Guid(60d91f925d8c1e442bb6596dfb94ffff) Importer(815301076,1909f56bfc062723c751e8b465ee728b)  -> (artifact id: 'c28b2d5c2f672220222ef894abca5cc4') in 0.029222 seconds 
========================================================================
Received Import Request.
  Time since last request: 0.752544 seconds.
  path: Assets/Game Assets/Guns/sniper2/sniper2.fbx
  artifactKey: Guid(c8573db8e30e916479a705831bd5040c) Importer(815301076,1909f56bfc062723c751e8b465ee728b)
Start importing Assets/Game Assets/Guns/sniper2/sniper2.fbx using Guid(c8573db8e30e916479a705831bd5040c) Importer(815301076,1909f56bfc062723c751e8b465ee728b)  -> (artifact id: '0badf69828486d3a98006d7d8d6385d8') in 0.019463 seconds 
========================================================================
Received Import Request.
  Time since last request: 41.906448 seconds.
  path: Assets/Game Assets/modern-weapons/870 Shotgun/870_Shotgun.fbx
  artifactKey: Guid(41cdcb2edb8366843b27febfe325c4b7) Importer(815301076,1909f56bfc062723c751e8b465ee728b)
Start importing Assets/Game Assets/modern-weapons/870 Shotgun/870_Shotgun.fbx using Guid(41cdcb2edb8366843b27febfe325c4b7) Importer(815301076,1909f56bfc062723c751e8b465ee728b)  -> (artifact id: 'a2713049d8a0740b35bb6bbc1131f6c0') in 0.019142 seconds 
========================================================================
Received Import Request.
  Time since last request: 2.135026 seconds.
  path: Assets/Game Assets/modern-weapons/AK-47/AK-47.fbx
  artifactKey: Guid(da40273d3295b7943b648429ebababd1) Importer(815301076,1909f56bfc062723c751e8b465ee728b)
Start importing Assets/Game Assets/modern-weapons/AK-47/AK-47.fbx using Guid(da40273d3295b7943b648429ebababd1) Importer(815301076,1909f56bfc062723c751e8b465ee728b)  -> (artifact id: '18d3f0d32865cadb883708b01cef6fae') in 0.018691 seconds 
========================================================================
Received Import Request.
  Time since last request: 1.771864 seconds.
  path: Assets/Game Assets/modern-weapons/Extra/ScopeOverlay.png
  artifactKey: Guid(17d573fca130e984885ab1f83d4e60bf) Importer(815301076,1909f56bfc062723c751e8b465ee728b)
Start importing Assets/Game Assets/modern-weapons/Extra/ScopeOverlay.png using Guid(17d573fca130e984885ab1f83d4e60bf) Importer(815301076,1909f56bfc062723c751e8b465ee728b)  -> (artifact id: 'ab849cd0aa1a747771ce0ce829a7b66b') in 0.024512 seconds 
========================================================================
Received Import Request.
  Time since last request: 2.074462 seconds.
  path: Assets/Game Assets/modern-weapons/L96 Sniper Rifle/L96_Sniper_Rifle.fbx
  artifactKey: Guid(1fb6f3a827872a549914ee2861d59973) Importer(815301076,1909f56bfc062723c751e8b465ee728b)
Start importing Assets/Game Assets/modern-weapons/L96 Sniper Rifle/L96_Sniper_Rifle.fbx using Guid(1fb6f3a827872a549914ee2861d59973) Importer(815301076,1909f56bfc062723c751e8b465ee728b)  -> (artifact id: 'c3780705e72ae6dd1e708c3a7e6fef13') in 0.018856 seconds 
========================================================================
Received Import Request.
  Time since last request: 1.339881 seconds.
  path: Assets/Game Assets/modern-weapons/M4 Carbine/M4_Carbine.fbx
  artifactKey: Guid(53ced819680e9c247b6729d554ff3288) Importer(815301076,1909f56bfc062723c751e8b465ee728b)
Start importing Assets/Game Assets/modern-weapons/M4 Carbine/M4_Carbine.fbx using Guid(53ced819680e9c247b6729d554ff3288) Importer(815301076,1909f56bfc062723c751e8b465ee728b)  -> (artifact id: 'cfd5e8c23a6a4c96adceb79f86fb9ea9') in 0.017731 seconds 
========================================================================
Received Import Request.
  Time since last request: 0.732916 seconds.
  path: Assets/Game Assets/modern-weapons/Pistol/Pistol.fbx
  artifactKey: Guid(998da0959ad16694e8199c6a61482d75) Importer(815301076,1909f56bfc062723c751e8b465ee728b)
Start importing Assets/Game Assets/modern-weapons/Pistol/Pistol.fbx using Guid(998da0959ad16694e8199c6a61482d75) Importer(815301076,1909f56bfc062723c751e8b465ee728b)  -> (artifact id: '9688ac1f86630544070113401254bf5f') in 0.017580 seconds 
========================================================================
Received Import Request.
  Time since last request: 6.263762 seconds.
  path: Assets/Game Assets/modern-weapons/Pistol/Textures
  artifactKey: Guid(21e462d38850b5a4fb58161c5613d2b2) Importer(815301076,1909f56bfc062723c751e8b465ee728b)
Start importing Assets/Game Assets/modern-weapons/Pistol/Textures using Guid(21e462d38850b5a4fb58161c5613d2b2) Importer(815301076,1909f56bfc062723c751e8b465ee728b)  -> (artifact id: 'e40099a578da715145ec50e8174fa948') in 0.004680 seconds 
========================================================================
Received Import Request.
  Time since last request: 0.049073 seconds.
  path: Assets/Game Assets/modern-weapons/Pistol/Textures/Pistol_Albedo.png
  artifactKey: Guid(60f6219500f97ec4c835c44673c09cdb) Importer(815301076,1909f56bfc062723c751e8b465ee728b)
Start importing Assets/Game Assets/modern-weapons/Pistol/Textures/Pistol_Albedo.png using Guid(60f6219500f97ec4c835c44673c09cdb) Importer(815301076,1909f56bfc062723c751e8b465ee728b)  -> (artifact id: 'ccda1a6723dd1cc370e8faea515ba7c8') in 0.014048 seconds 
========================================================================
Received Import Request.
  Time since last request: 10.004984 seconds.
  path: Assets/Game Assets/Muzz/MuzzleFlash/FirstPersonMuzzleFlash (fbx).fbx
  artifactKey: Guid(cffbfb766236ab144ae6c5cd35290a07) Importer(815301076,1909f56bfc062723c751e8b465ee728b)
Start importing Assets/Game Assets/Muzz/MuzzleFlash/FirstPersonMuzzleFlash (fbx).fbx using Guid(cffbfb766236ab144ae6c5cd35290a07) Importer(815301076,1909f56bfc062723c751e8b465ee728b)  -> (artifact id: '6e2e96779b48f7c611c292e931fb5ac4') in 0.017165 seconds 
========================================================================
Received Import Request.
  Time since last request: 15.592592 seconds.
  path: Assets/Game Assets/Guns/assault4/assault4.fbx
  artifactKey: Guid(ffb3f5f9531da764c906b0baf3285c62) Importer(815301076,1909f56bfc062723c751e8b465ee728b)
Start importing Assets/Game Assets/Guns/assault4/assault4.fbx using Guid(ffb3f5f9531da764c906b0baf3285c62) Importer(815301076,1909f56bfc062723c751e8b465ee728b)  -> (artifact id: 'b208951c0c547608c4662712648c9202') in 0.026825 seconds 
========================================================================
Received Prepare
Registering precompiled user dll's ...
Registered in 0.003317 seconds.
Begin MonoManager ReloadAssembly
Symbol file LoadedFromMemory doesn't match image C:\Users\USER\UnityProject\GitHub\MyUdemyZombie\MyUdemyZombie\Library\PackageCache\com.unity.visualscripting@1.7.8\Editor\VisualScripting.Core\Dependencies\YamlDotNet\Unity.VisualScripting.YamlDotNet.dll
Symbol file LoadedFromMemory doesn't match image C:\Users\USER\UnityProject\GitHub\MyUdemyZombie\MyUdemyZombie\Library\PackageCache\com.unity.visualscripting@1.7.8\Editor\VisualScripting.Core\Dependencies\DotNetZip\Unity.VisualScripting.IonicZip.dll
Native extension for WindowsStandalone target not found
Native extension for Android target not found
Native extension for WebGL target not found
Refreshing native plugins compatible for Editor in 0.68 ms, found 3 plugins.
Preloading 0 native plugins for Editor in 0.00 ms.
Mono: successfully reloaded assembly
- Completed reload, in  0.817 seconds
Domain Reload Profiling:
	ReloadAssembly (818ms)
		BeginReloadAssembly (102ms)
			ExecutionOrderSort (0ms)
			DisableScriptedObjects (3ms)
			BackupInstance (0ms)
			ReleaseScriptingObjects (0ms)
			CreateAndSetChildDomain (33ms)
		EndReloadAssembly (648ms)
			LoadAssemblies (63ms)
			RebuildTransferFunctionScriptingTraits (0ms)
			SetupTypeCache (203ms)
			ReleaseScriptCaches (1ms)
			RebuildScriptCaches (33ms)
			SetupLoadedEditorAssemblies (314ms)
				LogAssemblyErrors (0ms)
				InitializePlatformSupportModulesInManaged (16ms)
				SetLoadedEditorAssemblies (0ms)
				RefreshPlugins (1ms)
				BeforeProcessingInitializeOnLoad (49ms)
				ProcessInitializeOnLoadAttributes (226ms)
				ProcessInitializeOnLoadMethodAttributes (20ms)
				AfterProcessingInitializeOnLoad (3ms)
				EditorAssembliesLoaded (0ms)
			ExecutionOrderSort2 (0ms)
			AwakeInstancesAfterBackupRestoration (4ms)
Platform modules already initialized, skipping
Refreshing native plugins compatible for Editor in 1.97 ms, found 3 plugins.
Preloading 0 native plugins for Editor in 0.00 ms.
Unloading 4020 Unused Serialized files (Serialized files now loaded: 0)
Unloading 34 unused Assets / (1.4 MB). Loaded Objects now: 4580.
Memory consumption went from 231.4 MB to 230.0 MB.
Total: 3.696000 ms (FindLiveObjects: 0.280400 ms CreateObjectMapping: 0.113900 ms MarkObjects: 2.837400 ms  DeleteObjects: 0.463400 ms)

AssetImportParameters requested are different than current active one (requested -> active):
  custom:video-decoder-ogg-theora: a1e56fd34408186e4bbccfd4996cb3dc -> 
  custom:container-muxer-webm: aa71ff27fc2769a1b78a27578f13a17b -> 
  custom:container-demuxer-webm: 4f35f7cbe854078d1ac9338744f61a02 -> 
  custom:video-encoder-webm-vp8: eb34c28f22e8b96e1ab97ce403110664 -> 
  custom:audio-encoder-webm-vorbis: bf7c407c2cedff20999df2af8eb42d56 -> 
  custom:framework-win-MediaFoundation: 216162199b28c13a410421893ffa2e32 -> 
  custom:container-demuxer-ogg: 62fdf1f143b41e24485cea50d1cbac27 -> 
  custom:video-decoder-webm-vp8: 9c59270c3fd7afecdb556c50c9e8de78 -> 
  custom:audio-decoder-ogg-vorbis: bf7c407c2cedff20999df2af8eb42d56 -> 
========================================================================
Received Import Request.
  Time since last request: 721.409994 seconds.
  path: Assets/SimpleColor_SeasonOne_Bandit_WeaponsPackage
  artifactKey: Guid(a8e4df3b210231d48a0c82723252b0c9) Importer(815301076,1909f56bfc062723c751e8b465ee728b)
Start importing Assets/SimpleColor_SeasonOne_Bandit_WeaponsPackage using Guid(a8e4df3b210231d48a0c82723252b0c9) Importer(815301076,1909f56bfc062723c751e8b465ee728b)  -> (artifact id: '03ac6da3ca177cbb35a3e7eb7fd01168') in 0.015152 seconds 
========================================================================
Received Import Request.
  Time since last request: 25.939438 seconds.
  path: Assets/Bandit_WeaponsPackage
  artifactKey: Guid(a8e4df3b210231d48a0c82723252b0c9) Importer(815301076,1909f56bfc062723c751e8b465ee728b)
Start importing Assets/Bandit_WeaponsPackage using Guid(a8e4df3b210231d48a0c82723252b0c9) Importer(815301076,1909f56bfc062723c751e8b465ee728b)  -> (artifact id: '810276fd4df034244df5e5d34e57d35e') in 0.004379 seconds 
========================================================================
Received Import Request.
  Time since last request: 67.194980 seconds.
  path: Assets/Game Assets/bg1.png
  artifactKey: Guid(1ed5599be037d504cb04ccfb101d8dc6) Importer(815301076,1909f56bfc062723c751e8b465ee728b)
Start importing Assets/Game Assets/bg1.png using Guid(1ed5599be037d504cb04ccfb101d8dc6) Importer(815301076,1909f56bfc062723c751e8b465ee728b)  -> (artifact id: '38a33e0d78f57be003b00614732348d3') in 0.157828 seconds 
========================================================================
Received Import Request.
  Time since last request: 0.000019 seconds.
  path: Assets/Game Assets/Button_RL_Hover.png
  artifactKey: Guid(08f65ecce61b03645b1c87672a714aad) Importer(815301076,1909f56bfc062723c751e8b465ee728b)
Start importing Assets/Game Assets/Button_RL_Hover.png using Guid(08f65ecce61b03645b1c87672a714aad) Importer(815301076,1909f56bfc062723c751e8b465ee728b)  -> (artifact id: '021763a69e66586fd9fd5fa13bb98773') in 0.036841 seconds 
========================================================================
Received Import Request.
  Time since last request: 0.000019 seconds.
  path: Assets/Game Assets/Button_RL_Background - Copy.png
  artifactKey: Guid(f4f865f8472e957409cc3fdd141b7d3e) Importer(815301076,1909f56bfc062723c751e8b465ee728b)
Start importing Assets/Game Assets/Button_RL_Background - Copy.png using Guid(f4f865f8472e957409cc3fdd141b7d3e) Importer(815301076,1909f56bfc062723c751e8b465ee728b)  -> (artifact id: '3d26466d298ced7446f0a28175c9b097') in 0.041149 seconds 
========================================================================
Received Import Request.
  Time since last request: 6.991522 seconds.
  path: Assets/Game Assets/Bandit_WeaponsPackage/Materials/AKM.mat
  artifactKey: Guid(ea03f25116acd7145ba929a563c6b80b) Importer(815301076,1909f56bfc062723c751e8b465ee728b)
Start importing Assets/Game Assets/Bandit_WeaponsPackage/Materials/AKM.mat using Guid(ea03f25116acd7145ba929a563c6b80b) Importer(815301076,1909f56bfc062723c751e8b465ee728b)  -> (artifact id: '49c82680203489ed5acc608ca9313b2c') in 0.066623 seconds 
========================================================================
Received Import Request.
  Time since last request: 0.000021 seconds.
  path: Assets/Game Assets/Bandit_WeaponsPackage/Materials/M590.mat
  artifactKey: Guid(940ac44412c153144831033a30084b2d) Importer(815301076,1909f56bfc062723c751e8b465ee728b)
Start importing Assets/Game Assets/Bandit_WeaponsPackage/Materials/M590.mat using Guid(940ac44412c153144831033a30084b2d) Importer(815301076,1909f56bfc062723c751e8b465ee728b)  -> (artifact id: '13bb976ac13507a13555aab42ac36ff7') in 0.057398 seconds 
========================================================================
Received Import Request.
  Time since last request: 0.000018 seconds.
  path: Assets/Game Assets/Bandit_WeaponsPackage/Materials/Knife.mat
  artifactKey: Guid(7ed31a6d1092ad0478b4d5ba4aa4abed) Importer(815301076,1909f56bfc062723c751e8b465ee728b)
Start importing Assets/Game Assets/Bandit_WeaponsPackage/Materials/Knife.mat using Guid(7ed31a6d1092ad0478b4d5ba4aa4abed) Importer(815301076,1909f56bfc062723c751e8b465ee728b)  -> (artifact id: '9d614ae5c21a7e2f8cf278edaef46702') in 0.030213 seconds 
========================================================================
Received Import Request.
  Time since last request: 0.000023 seconds.
  path: Assets/Game Assets/Bandit_WeaponsPackage/Materials/M10.mat
  artifactKey: Guid(fc2de78538cd9c24499b2ed9d457cb1e) Importer(815301076,1909f56bfc062723c751e8b465ee728b)
Start importing Assets/Game Assets/Bandit_WeaponsPackage/Materials/M10.mat using Guid(fc2de78538cd9c24499b2ed9d457cb1e) Importer(815301076,1909f56bfc062723c751e8b465ee728b)  -> (artifact id: 'a067a1a472af6d1ca47e21fae85f5c14') in 0.061837 seconds 
========================================================================
Received Import Request.
  Time since last request: 0.000023 seconds.
  path: Assets/Game Assets/Bandit_WeaponsPackage/Materials/Stand.mat
  artifactKey: Guid(9640d66df76462b479231cda99b406d0) Importer(815301076,1909f56bfc062723c751e8b465ee728b)
Start importing Assets/Game Assets/Bandit_WeaponsPackage/Materials/Stand.mat using Guid(9640d66df76462b479231cda99b406d0) Importer(815301076,1909f56bfc062723c751e8b465ee728b)  -> (artifact id: 'f7a074345ab9060dfe0714d084a3f9ca') in 0.115365 seconds 
========================================================================
Received Import Request.
  Time since last request: 0.542633 seconds.
  path: Assets/Game Assets/Bandit_WeaponsPackage/Modles/AKM.FBX
  artifactKey: Guid(fb6bc006cdfdf5b41bcbe02775b29407) Importer(815301076,1909f56bfc062723c751e8b465ee728b)
Start importing Assets/Game Assets/Bandit_WeaponsPackage/Modles/AKM.FBX using Guid(fb6bc006cdfdf5b41bcbe02775b29407) Importer(815301076,1909f56bfc062723c751e8b465ee728b)  -> (artifact id: '5e5653ceafbbe765abc408968456121f') in 0.092198 seconds 
========================================================================
Received Import Request.
  Time since last request: 0.000020 seconds.
  path: Assets/Game Assets/Bandit_WeaponsPackage/Modles/M10.FBX
  artifactKey: Guid(28277f6ea8a38054cbc36219c29f23ee) Importer(815301076,1909f56bfc062723c751e8b465ee728b)
Start importing Assets/Game Assets/Bandit_WeaponsPackage/Modles/M10.FBX using Guid(28277f6ea8a38054cbc36219c29f23ee) Importer(815301076,1909f56bfc062723c751e8b465ee728b)  -> (artifact id: '0171f4c448d33c38e00c964ad7415798') in 0.101773 seconds 
========================================================================
Received Import Request.
  Time since last request: 0.000030 seconds.
  path: Assets/Game Assets/Bandit_WeaponsPackage/Modles/M590.FBX
  artifactKey: Guid(bff339c7996c81d429151eef0fb55872) Importer(815301076,1909f56bfc062723c751e8b465ee728b)
Start importing Assets/Game Assets/Bandit_WeaponsPackage/Modles/M590.FBX using Guid(bff339c7996c81d429151eef0fb55872) Importer(815301076,1909f56bfc062723c751e8b465ee728b)  -> (artifact id: '295a631acc3042f7c6230ef522c59791') in 0.095663 seconds 
========================================================================
Received Import Request.
  Time since last request: 0.000020 seconds.
  path: Assets/Game Assets/Bandit_WeaponsPackage/Modles/Grenade.FBX
  artifactKey: Guid(89380552d7584a54492cefa4e1a8b61f) Importer(815301076,1909f56bfc062723c751e8b465ee728b)
Start importing Assets/Game Assets/Bandit_WeaponsPackage/Modles/Grenade.FBX using Guid(89380552d7584a54492cefa4e1a8b61f) Importer(815301076,1909f56bfc062723c751e8b465ee728b)  -> (artifact id: '4a575a3dbb08dd6609c908d20c20d7a6') in 0.056408 seconds 
========================================================================
Received Import Request.
  Time since last request: 1.632646 seconds.
  path: Assets/Game Assets/Bandit_WeaponsPackage/Prefabs/AKM.prefab
  artifactKey: Guid(98ba4fe7822ca91449b5681cabff1ada) Importer(815301076,1909f56bfc062723c751e8b465ee728b)
Start importing Assets/Game Assets/Bandit_WeaponsPackage/Prefabs/AKM.prefab using Guid(98ba4fe7822ca91449b5681cabff1ada) Importer(815301076,1909f56bfc062723c751e8b465ee728b)  -> (artifact id: '235b6825497dc2cda2fe01369c1c073b') in 0.028985 seconds 
========================================================================
Received Import Request.
  Time since last request: 0.000018 seconds.
  path: Assets/Game Assets/Bandit_WeaponsPackage/Prefabs/Grenade.prefab
  artifactKey: Guid(de370244e0f22e34db566f84060e2507) Importer(815301076,1909f56bfc062723c751e8b465ee728b)
Start importing Assets/Game Assets/Bandit_WeaponsPackage/Prefabs/Grenade.prefab using Guid(de370244e0f22e34db566f84060e2507) Importer(815301076,1909f56bfc062723c751e8b465ee728b)  -> (artifact id: '78be953d8c143f54494b09bc62ce644b') in 0.038414 seconds 
========================================================================
Received Import Request.
  Time since last request: 0.000070 seconds.
  path: Assets/Game Assets/Bandit_WeaponsPackage/Prefabs/Knife.prefab
  artifactKey: Guid(55a41d7ec43ffd14bbd41760e9acc78a) Importer(815301076,1909f56bfc062723c751e8b465ee728b)
Start importing Assets/Game Assets/Bandit_WeaponsPackage/Prefabs/Knife.prefab using Guid(55a41d7ec43ffd14bbd41760e9acc78a) Importer(815301076,1909f56bfc062723c751e8b465ee728b)  -> (artifact id: '169612ef02940ef0a21e5cb698e9a53d') in 0.028198 seconds 
========================================================================
Received Import Request.
  Time since last request: 0.000040 seconds.
  path: Assets/Game Assets/Bandit_WeaponsPackage/Prefabs/SAR2000.prefab
  artifactKey: Guid(c9c15480150b39f4fb9f56b207eb57cf) Importer(815301076,1909f56bfc062723c751e8b465ee728b)
Start importing Assets/Game Assets/Bandit_WeaponsPackage/Prefabs/SAR2000.prefab using Guid(c9c15480150b39f4fb9f56b207eb57cf) Importer(815301076,1909f56bfc062723c751e8b465ee728b)  -> (artifact id: '22b794e3a4cc4e06a8823ce30c116812') in 0.044446 seconds 
========================================================================
Received Import Request.
  Time since last request: 1964.281068 seconds.
  path: Assets/Items/Assault Weapon 2.asset
  artifactKey: Guid(677591a06f09d5b4ab278797aad03f0b) Importer(815301076,1909f56bfc062723c751e8b465ee728b)
Start importing Assets/Items/Assault Weapon 2.asset using Guid(677591a06f09d5b4ab278797aad03f0b) Importer(815301076,1909f56bfc062723c751e8b465ee728b)  -> (artifact id: '3533c06f894ebdec9095fd4070b14b4e') in 0.007482 seconds 
========================================================================
Received Import Request.
  Time since last request: 313.469035 seconds.
  path: Assets/Items/Assault Weapon 2.asset
  artifactKey: Guid(677591a06f09d5b4ab278797aad03f0b) Importer(815301076,1909f56bfc062723c751e8b465ee728b)
Start importing Assets/Items/Assault Weapon 2.asset using Guid(677591a06f09d5b4ab278797aad03f0b) Importer(815301076,1909f56bfc062723c751e8b465ee728b)  -> (artifact id: '0b94f1cbf8644341b90441c1a456eef6') in 0.001736 seconds 
========================================================================
Received Import Request.
  Time since last request: 35.342644 seconds.
  path: Assets/Game Assets/Item Icon/1.png
  artifactKey: Guid(228f8d4ac11034540861ec3d95120898) Importer(815301076,1909f56bfc062723c751e8b465ee728b)
Start importing Assets/Game Assets/Item Icon/1.png using Guid(228f8d4ac11034540861ec3d95120898) Importer(815301076,1909f56bfc062723c751e8b465ee728b)  -> (artifact id: '9a29f091d1c1622584e3fe6006ee28b4') in 0.039535 seconds 
========================================================================
Received Import Request.
  Time since last request: 0.000047 seconds.
  path: Assets/Game Assets/Sprites/blood.tif
  artifactKey: Guid(c84aa8648b8ae6c4ab191912497c51b2) Importer(815301076,1909f56bfc062723c751e8b465ee728b)
Start importing Assets/Game Assets/Sprites/blood.tif using Guid(c84aa8648b8ae6c4ab191912497c51b2) Importer(815301076,1909f56bfc062723c751e8b465ee728b)  -> (artifact id: '833e0ada6386a0b0dfc138a2bea44a3b') in 0.094276 seconds 
========================================================================
Received Import Request.
  Time since last request: 0.000026 seconds.
  path: Assets/Game Assets/Item Icon/2DIcons/Icons/Blood9.png
  artifactKey: Guid(3f121f61a6097934385085f61b5c7a3c) Importer(815301076,1909f56bfc062723c751e8b465ee728b)
Start importing Assets/Game Assets/Item Icon/2DIcons/Icons/Blood9.png using Guid(3f121f61a6097934385085f61b5c7a3c) Importer(815301076,1909f56bfc062723c751e8b465ee728b)  -> (artifact id: 'fb700606ee6f5a0eb9227534adad40be') in 0.028494 seconds 
========================================================================
Received Import Request.
  Time since last request: 0.000035 seconds.
  path: Assets/Game Assets/Item Icon/2DIcons/Icons/BackDrop_512px.png
  artifactKey: Guid(3bddef99f3072614c829a2a6157dae89) Importer(815301076,1909f56bfc062723c751e8b465ee728b)
Start importing Assets/Game Assets/Item Icon/2DIcons/Icons/BackDrop_512px.png using Guid(3bddef99f3072614c829a2a6157dae89) Importer(815301076,1909f56bfc062723c751e8b465ee728b)  -> (artifact id: '402cdd3094e5de030e2a7df7a54c9bd9') in 0.061901 seconds 
========================================================================
Received Import Request.
  Time since last request: 0.000019 seconds.
  path: Assets/Game Assets/Item Icon/17.png
  artifactKey: Guid(099c8b54f22dfdf4b90894f3d15af90c) Importer(815301076,1909f56bfc062723c751e8b465ee728b)
Start importing Assets/Game Assets/Item Icon/17.png using Guid(099c8b54f22dfdf4b90894f3d15af90c) Importer(815301076,1909f56bfc062723c751e8b465ee728b)  -> (artifact id: '52211cd89a675af82eb791282888a592') in 0.036665 seconds 
========================================================================
Received Import Request.
  Time since last request: 0.000023 seconds.
  path: Assets/Game Assets/Sprites/18.png
  artifactKey: Guid(a89ade2a5dff78b4080c066c50161762) Importer(815301076,1909f56bfc062723c751e8b465ee728b)
Start importing Assets/Game Assets/Sprites/18.png using Guid(a89ade2a5dff78b4080c066c50161762) Importer(815301076,1909f56bfc062723c751e8b465ee728b)  -> (artifact id: 'a95a437908133f7d0152878e621957cb') in 0.037089 seconds 
========================================================================
Received Import Request.
  Time since last request: 0.000024 seconds.
  path: Assets/Game Assets/Item Icon/2DIcons/Icons/Axe.png
  artifactKey: Guid(b1706ddc0f3b13a46abfec9486014c5d) Importer(815301076,1909f56bfc062723c751e8b465ee728b)
Start importing Assets/Game Assets/Item Icon/2DIcons/Icons/Axe.png using Guid(b1706ddc0f3b13a46abfec9486014c5d) Importer(815301076,1909f56bfc062723c751e8b465ee728b)  -> (artifact id: 'a93a50dc50a72ea17fd086773d25f9ee') in 0.023498 seconds 
========================================================================
Received Import Request.
  Time since last request: 0.000024 seconds.
  path: Assets/Game Assets/Item Icon/16.png
  artifactKey: Guid(7a57ab3c8a138944fa199cc9b559804e) Importer(815301076,1909f56bfc062723c751e8b465ee728b)
Start importing Assets/Game Assets/Item Icon/16.png using Guid(7a57ab3c8a138944fa199cc9b559804e) Importer(815301076,1909f56bfc062723c751e8b465ee728b)  -> (artifact id: 'cc66c79ad9642807304d35445ea4e672') in 0.028714 seconds 
========================================================================
Received Import Request.
  Time since last request: 0.000024 seconds.
  path: Assets/Game Assets/Item Icon/7.png
  artifactKey: Guid(656c35e7bdfe971419653798bcc23bce) Importer(815301076,1909f56bfc062723c751e8b465ee728b)
Start importing Assets/Game Assets/Item Icon/7.png using Guid(656c35e7bdfe971419653798bcc23bce) Importer(815301076,1909f56bfc062723c751e8b465ee728b)  -> (artifact id: '74c695929f6bfec9a97c33f58af47e8d') in 0.027451 seconds 
========================================================================
Received Import Request.
  Time since last request: 5.680352 seconds.
  path: Assets/Game Assets/Item Icon/2DIcons/Icons/DeathBat.png
  artifactKey: Guid(8cffa449818a0424987db39c401ebd1d) Importer(815301076,1909f56bfc062723c751e8b465ee728b)
Start importing Assets/Game Assets/Item Icon/2DIcons/Icons/DeathBat.png using Guid(8cffa449818a0424987db39c401ebd1d) Importer(815301076,1909f56bfc062723c751e8b465ee728b)  -> (artifact id: '6f607f904ec4d559b4d186ec1a689567') in 0.026918 seconds 
========================================================================
Received Import Request.
  Time since last request: 0.222948 seconds.
  path: Assets/Game Assets/Item Icon/2DIcons/Icons/DeathMallet.png
  artifactKey: Guid(fb10567939f10fb458f5d3528def090f) Importer(815301076,1909f56bfc062723c751e8b465ee728b)
Start importing Assets/Game Assets/Item Icon/2DIcons/Icons/DeathMallet.png using Guid(fb10567939f10fb458f5d3528def090f) Importer(815301076,1909f56bfc062723c751e8b465ee728b)  -> (artifact id: '8fc5d04449473d0b9f894d018f90590d') in 0.025392 seconds 
========================================================================
Received Import Request.
  Time since last request: 0.085165 seconds.
  path: Assets/Game Assets/Sprites/energy_full_bar.png
  artifactKey: Guid(198b2179f42b3fe4e987b2b59799adca) Importer(815301076,1909f56bfc062723c751e8b465ee728b)
Start importing Assets/Game Assets/Sprites/energy_full_bar.png using Guid(198b2179f42b3fe4e987b2b59799adca) Importer(815301076,1909f56bfc062723c751e8b465ee728b)  -> (artifact id: '278a5e45eecd548c191a2c6267f54db0') in 0.016902 seconds 
========================================================================
Received Import Request.
  Time since last request: 0.000032 seconds.
  path: Assets/Game Assets/Item Icon/2DIcons/Icons/Flashlight_3.png
  artifactKey: Guid(0812447eea4d5c44e9d0587914250d47) Importer(815301076,1909f56bfc062723c751e8b465ee728b)
Start importing Assets/Game Assets/Item Icon/2DIcons/Icons/Flashlight_3.png using Guid(0812447eea4d5c44e9d0587914250d47) Importer(815301076,1909f56bfc062723c751e8b465ee728b)  -> (artifact id: '966cf39666569945379faaba6e3b3127') in 0.016695 seconds 
========================================================================
Received Import Request.
  Time since last request: 0.026383 seconds.
  path: Assets/Game Assets/Item Icon/2DIcons/Icons/Hacksaw.png
  artifactKey: Guid(72a92e2ac1b0f0146930f2ce09b9bf30) Importer(815301076,1909f56bfc062723c751e8b465ee728b)
Start importing Assets/Game Assets/Item Icon/2DIcons/Icons/Hacksaw.png using Guid(72a92e2ac1b0f0146930f2ce09b9bf30) Importer(815301076,1909f56bfc062723c751e8b465ee728b)  -> (artifact id: '750c314ed3d470e8175940e7fbd9b67c') in 0.018160 seconds 
========================================================================
Received Import Request.
  Time since last request: 4.601054 seconds.
  path: Assets/Game Assets/Inventory.png
  artifactKey: Guid(9592147fa0ddf844a8fa9a1b94d3b0df) Importer(815301076,1909f56bfc062723c751e8b465ee728b)
Start importing Assets/Game Assets/Inventory.png using Guid(9592147fa0ddf844a8fa9a1b94d3b0df) Importer(815301076,1909f56bfc062723c751e8b465ee728b)  -> (artifact id: '5a6049aca5db3ff929f78fe8cd4d73a9') in 0.065468 seconds 
========================================================================
Received Import Request.
  Time since last request: 0.087323 seconds.
  path: Assets/Game Assets/Item Icon/2DIcons/Icons/Lantern.png
  artifactKey: Guid(755e67548b354db468ed2102f00602fe) Importer(815301076,1909f56bfc062723c751e8b465ee728b)
Start importing Assets/Game Assets/Item Icon/2DIcons/Icons/Lantern.png using Guid(755e67548b354db468ed2102f00602fe) Importer(815301076,1909f56bfc062723c751e8b465ee728b)  -> (artifact id: 'f66a2fb169b5847297fabb11a14b1629') in 0.020610 seconds 
========================================================================
Received Import Request.
  Time since last request: 0.356239 seconds.
  path: Assets/Game Assets/Item Icon/2DIcons/Icons/Mallet.png
  artifactKey: Guid(9cb996284e5f0fb4fa66bd8e600268e4) Importer(815301076,1909f56bfc062723c751e8b465ee728b)
Start importing Assets/Game Assets/Item Icon/2DIcons/Icons/Mallet.png using Guid(9cb996284e5f0fb4fa66bd8e600268e4) Importer(815301076,1909f56bfc062723c751e8b465ee728b)  -> (artifact id: '7d63710a499ef456e1f548bdb056b4ea') in 0.039897 seconds 
========================================================================
Received Import Request.
  Time since last request: 0.141433 seconds.
  path: Assets/Game Assets/Quests1.png
  artifactKey: Guid(d54246f6c22d75d40bc61e79a7a51b30) Importer(815301076,1909f56bfc062723c751e8b465ee728b)
Start importing Assets/Game Assets/Quests1.png using Guid(d54246f6c22d75d40bc61e79a7a51b30) Importer(815301076,1909f56bfc062723c751e8b465ee728b)  -> (artifact id: 'fe296cb4753bb98224ed63e45701761f') in 0.068846 seconds 
========================================================================
Received Import Request.
  Time since last request: 0.136423 seconds.
  path: Assets/Game Assets/Item Icon/SeekPng.com_batteries-png_654625.png
  artifactKey: Guid(a9218a3331cfaae41be70c06e7541601) Importer(815301076,1909f56bfc062723c751e8b465ee728b)
Start importing Assets/Game Assets/Item Icon/SeekPng.com_batteries-png_654625.png using Guid(a9218a3331cfaae41be70c06e7541601) Importer(815301076,1909f56bfc062723c751e8b465ee728b)  -> (artifact id: '3c2aeb02db72eb89ecbc3f17c9531e74') in 0.138518 seconds 
========================================================================
Received Import Request.
  Time since last request: 0.021952 seconds.
  path: Assets/Game Assets/Item Icon/SeekPng.com_torch-png_367253.png
  artifactKey: Guid(b386d626ccbb5b040b9a5f724362ffef) Importer(815301076,1909f56bfc062723c751e8b465ee728b)
Start importing Assets/Game Assets/Item Icon/SeekPng.com_torch-png_367253.png using Guid(b386d626ccbb5b040b9a5f724362ffef) Importer(815301076,1909f56bfc062723c751e8b465ee728b)  -> (artifact id: 'a7e291af7f83829b5ba8d2ea6472acc5') in 0.035917 seconds 
========================================================================
Received Import Request.
  Time since last request: 0.095919 seconds.
  path: Assets/Game Assets/Sprites/stamina-energy-magic_bar_full.png
  artifactKey: Guid(b27437e7f61e99f49894de7effa5d9bf) Importer(815301076,1909f56bfc062723c751e8b465ee728b)
Start importing Assets/Game Assets/Sprites/stamina-energy-magic_bar_full.png using Guid(b27437e7f61e99f49894de7effa5d9bf) Importer(815301076,1909f56bfc062723c751e8b465ee728b)  -> (artifact id: 'df4a80666595ba811c1794d09b018c28') in 0.018312 seconds 
========================================================================
Received Import Request.
  Time since last request: 0.590717 seconds.
  path: Assets/Game Assets/Item Icon/Weapon Icons/Styled-AssaultRifle.png
  artifactKey: Guid(f59aa6b06242a4e4e90f8c5ed9560ff6) Importer(815301076,1909f56bfc062723c751e8b465ee728b)
Start importing Assets/Game Assets/Item Icon/Weapon Icons/Styled-AssaultRifle.png using Guid(f59aa6b06242a4e4e90f8c5ed9560ff6) Importer(815301076,1909f56bfc062723c751e8b465ee728b)  -> (artifact id: '6c71eaea2eb87533bd7189a208149416') in 0.041249 seconds 
========================================================================
Received Import Request.
  Time since last request: 0.214614 seconds.
  path: Assets/Game Assets/Item Icon/Weapon Icons/Styled-Rifle.png
  artifactKey: Guid(9411272ddaed09a48bc25ddac0a6c56d) Importer(815301076,1909f56bfc062723c751e8b465ee728b)
Start importing Assets/Game Assets/Item Icon/Weapon Icons/Styled-Rifle.png using Guid(9411272ddaed09a48bc25ddac0a6c56d) Importer(815301076,1909f56bfc062723c751e8b465ee728b)  -> (artifact id: '314449f847f76bdda397d9dbef776901') in 0.034545 seconds 
========================================================================
Received Import Request.
  Time since last request: 169.898791 seconds.
  path: Assets/Prefabs/Weapons/Equip Bat.prefab
  artifactKey: Guid(72ddeb2c038457d4f9e3d4c80c0101e1) Importer(815301076,1909f56bfc062723c751e8b465ee728b)
Start importing Assets/Prefabs/Weapons/Equip Bat.prefab using Guid(72ddeb2c038457d4f9e3d4c80c0101e1) Importer(815301076,1909f56bfc062723c751e8b465ee728b)  -> (artifact id: '78dab8e817c5ff13829cdd7166d4da23') in 0.031181 seconds 
========================================================================
Received Import Request.
  Time since last request: 9.688458 seconds.
  path: Assets/Prefabs/Weapons/Assault Weapon 2.prefab
  artifactKey: Guid(30284558f44285e44b4225a2ca970c17) Importer(815301076,1909f56bfc062723c751e8b465ee728b)
Start importing Assets/Prefabs/Weapons/Assault Weapon 2.prefab using Guid(30284558f44285e44b4225a2ca970c17) Importer(815301076,1909f56bfc062723c751e8b465ee728b)  -> (artifact id: '8458215dde25537aaacc4b341294edca') in 0.017226 seconds 
========================================================================
Received Import Request.
  Time since last request: 146.881279 seconds.
  path: Assets/Prefabs/Weapons/Assault Weapon 2.prefab
  artifactKey: Guid(30284558f44285e44b4225a2ca970c17) Importer(815301076,1909f56bfc062723c751e8b465ee728b)
Start importing Assets/Prefabs/Weapons/Assault Weapon 2.prefab using Guid(30284558f44285e44b4225a2ca970c17) Importer(815301076,1909f56bfc062723c751e8b465ee728b)  -> (artifact id: 'e1f49a6a673462e5ce4e855588e4d409') in 0.027031 seconds 
========================================================================
Received Prepare
Registering precompiled user dll's ...
Registered in 0.002712 seconds.
Begin MonoManager ReloadAssembly
Symbol file LoadedFromMemory doesn't match image C:\Users\USER\UnityProject\GitHub\MyUdemyZombie\MyUdemyZombie\Library\PackageCache\com.unity.visualscripting@1.7.8\Editor\VisualScripting.Core\Dependencies\YamlDotNet\Unity.VisualScripting.YamlDotNet.dll
Symbol file LoadedFromMemory doesn't match image C:\Users\USER\UnityProject\GitHub\MyUdemyZombie\MyUdemyZombie\Library\PackageCache\com.unity.visualscripting@1.7.8\Editor\VisualScripting.Core\Dependencies\DotNetZip\Unity.VisualScripting.IonicZip.dll
Native extension for WindowsStandalone target not found
Native extension for Android target not found
Native extension for WebGL target not found
Refreshing native plugins compatible for Editor in 0.69 ms, found 3 plugins.
Preloading 0 native plugins for Editor in 0.00 ms.
Mono: successfully reloaded assembly
- Completed reload, in  0.827 seconds
Domain Reload Profiling:
	ReloadAssembly (827ms)
		BeginReloadAssembly (125ms)
			ExecutionOrderSort (0ms)
			DisableScriptedObjects (3ms)
			BackupInstance (0ms)
			ReleaseScriptingObjects (0ms)
			CreateAndSetChildDomain (48ms)
		EndReloadAssembly (633ms)
			LoadAssemblies (59ms)
			RebuildTransferFunctionScriptingTraits (0ms)
			SetupTypeCache (204ms)
			ReleaseScriptCaches (2ms)
			RebuildScriptCaches (32ms)
			SetupLoadedEditorAssemblies (305ms)
				LogAssemblyErrors (0ms)
				InitializePlatformSupportModulesInManaged (17ms)
				SetLoadedEditorAssemblies (0ms)
				RefreshPlugins (1ms)
				BeforeProcessingInitializeOnLoad (50ms)
				ProcessInitializeOnLoadAttributes (214ms)
				ProcessInitializeOnLoadMethodAttributes (19ms)
				AfterProcessingInitializeOnLoad (3ms)
				EditorAssembliesLoaded (0ms)
			ExecutionOrderSort2 (0ms)
			AwakeInstancesAfterBackupRestoration (4ms)
Platform modules already initialized, skipping
Refreshing native plugins compatible for Editor in 1.51 ms, found 3 plugins.
Preloading 0 native plugins for Editor in 0.00 ms.
Unloading 4020 Unused Serialized files (Serialized files now loaded: 0)
Unloading 34 unused Assets / (1.4 MB). Loaded Objects now: 4649.
Memory consumption went from 231.7 MB to 230.3 MB.
Total: 3.191400 ms (FindLiveObjects: 0.273500 ms CreateObjectMapping: 0.114600 ms MarkObjects: 2.559500 ms  DeleteObjects: 0.242500 ms)

AssetImportParameters requested are different than current active one (requested -> active):
  custom:video-decoder-ogg-theora: a1e56fd34408186e4bbccfd4996cb3dc -> 
  custom:container-muxer-webm: aa71ff27fc2769a1b78a27578f13a17b -> 
  custom:container-demuxer-webm: 4f35f7cbe854078d1ac9338744f61a02 -> 
  custom:video-encoder-webm-vp8: eb34c28f22e8b96e1ab97ce403110664 -> 
  custom:audio-encoder-webm-vorbis: bf7c407c2cedff20999df2af8eb42d56 -> 
  custom:framework-win-MediaFoundation: 216162199b28c13a410421893ffa2e32 -> 
  custom:container-demuxer-ogg: 62fdf1f143b41e24485cea50d1cbac27 -> 
  custom:video-decoder-webm-vp8: 9c59270c3fd7afecdb556c50c9e8de78 -> 
  custom:audio-decoder-ogg-vorbis: bf7c407c2cedff20999df2af8eb42d56 -> 
========================================================================
Received Prepare
Registering precompiled user dll's ...
Registered in 0.002672 seconds.
Begin MonoManager ReloadAssembly
Symbol file LoadedFromMemory doesn't match image C:\Users\USER\UnityProject\GitHub\MyUdemyZombie\MyUdemyZombie\Library\PackageCache\com.unity.visualscripting@1.7.8\Editor\VisualScripting.Core\Dependencies\YamlDotNet\Unity.VisualScripting.YamlDotNet.dll
Symbol file LoadedFromMemory doesn't match image C:\Users\USER\UnityProject\GitHub\MyUdemyZombie\MyUdemyZombie\Library\PackageCache\com.unity.visualscripting@1.7.8\Editor\VisualScripting.Core\Dependencies\DotNetZip\Unity.VisualScripting.IonicZip.dll
Native extension for WindowsStandalone target not found
Native extension for Android target not found
Native extension for WebGL target not found
Refreshing native plugins compatible for Editor in 0.86 ms, found 3 plugins.
Preloading 0 native plugins for Editor in 0.00 ms.
Mono: successfully reloaded assembly
- Completed reload, in  0.842 seconds
Domain Reload Profiling:
	ReloadAssembly (843ms)
		BeginReloadAssembly (106ms)
			ExecutionOrderSort (0ms)
			DisableScriptedObjects (3ms)
			BackupInstance (0ms)
			ReleaseScriptingObjects (0ms)
			CreateAndSetChildDomain (34ms)
		EndReloadAssembly (668ms)
			LoadAssemblies (63ms)
			RebuildTransferFunctionScriptingTraits (0ms)
			SetupTypeCache (201ms)
			ReleaseScriptCaches (2ms)
			RebuildScriptCaches (32ms)
			SetupLoadedEditorAssemblies (336ms)
				LogAssemblyErrors (0ms)
				InitializePlatformSupportModulesInManaged (19ms)
				SetLoadedEditorAssemblies (0ms)
				RefreshPlugins (1ms)
				BeforeProcessingInitializeOnLoad (54ms)
				ProcessInitializeOnLoadAttributes (236ms)
				ProcessInitializeOnLoadMethodAttributes (22ms)
				AfterProcessingInitializeOnLoad (3ms)
				EditorAssembliesLoaded (0ms)
			ExecutionOrderSort2 (0ms)
			AwakeInstancesAfterBackupRestoration (5ms)
Platform modules already initialized, skipping
Refreshing native plugins compatible for Editor in 1.52 ms, found 3 plugins.
Preloading 0 native plugins for Editor in 0.00 ms.
Unloading 4020 Unused Serialized files (Serialized files now loaded: 0)
Unloading 34 unused Assets / (1.4 MB). Loaded Objects now: 4664.
Memory consumption went from 231.7 MB to 230.3 MB.
Total: 3.686200 ms (FindLiveObjects: 0.322000 ms CreateObjectMapping: 0.110400 ms MarkObjects: 2.842300 ms  DeleteObjects: 0.409400 ms)

AssetImportParameters requested are different than current active one (requested -> active):
  custom:video-decoder-ogg-theora: a1e56fd34408186e4bbccfd4996cb3dc -> 
  custom:container-muxer-webm: aa71ff27fc2769a1b78a27578f13a17b -> 
  custom:container-demuxer-webm: 4f35f7cbe854078d1ac9338744f61a02 -> 
  custom:video-encoder-webm-vp8: eb34c28f22e8b96e1ab97ce403110664 -> 
  custom:audio-encoder-webm-vorbis: bf7c407c2cedff20999df2af8eb42d56 -> 
  custom:framework-win-MediaFoundation: 216162199b28c13a410421893ffa2e32 -> 
  custom:container-demuxer-ogg: 62fdf1f143b41e24485cea50d1cbac27 -> 
  custom:video-decoder-webm-vp8: 9c59270c3fd7afecdb556c50c9e8de78 -> 
  custom:audio-decoder-ogg-vorbis: bf7c407c2cedff20999df2af8eb42d56 -> 
========================================================================
Received Import Request.
  Time since last request: 313.394200 seconds.
  path: Assets/Game Assets/Audio/Foot Step sound/Footstep_0.ogg
  artifactKey: Guid(23b183f4fa0e49d4a8353cd88ea15f34) Importer(815301076,1909f56bfc062723c751e8b465ee728b)
Start importing Assets/Game Assets/Audio/Foot Step sound/Footstep_0.ogg using Guid(23b183f4fa0e49d4a8353cd88ea15f34) Importer(815301076,1909f56bfc062723c751e8b465ee728b)  -> (artifact id: '387ecf6874f64dbc62cdf0f112abd4f2') in 0.062794 seconds 
========================================================================
Received Import Request.
  Time since last request: 0.000029 seconds.
  path: Assets/Game Assets/reloadSound.wav
  artifactKey: Guid(d85099fefd84d429788e09001413207b) Importer(815301076,1909f56bfc062723c751e8b465ee728b)
Start importing Assets/Game Assets/reloadSound.wav using Guid(d85099fefd84d429788e09001413207b) Importer(815301076,1909f56bfc062723c751e8b465ee728b)  -> (artifact id: '7b8cc84e1bdbcbf8f7e627d4d147d65f') in 0.011661 seconds 
========================================================================
Received Import Request.
  Time since last request: 0.000025 seconds.
  path: Assets/Game Assets/shotSound.wav
  artifactKey: Guid(736a6ee94d8a94aef925851d18125a0c) Importer(815301076,1909f56bfc062723c751e8b465ee728b)
Start importing Assets/Game Assets/shotSound.wav using Guid(736a6ee94d8a94aef925851d18125a0c) Importer(815301076,1909f56bfc062723c751e8b465ee728b)  -> (artifact id: '0d8f6733e3742aea05972bfd786de86f') in 0.012285 seconds 
Editor requested this worker to shutdown with reason: Scaling down because of idle timeout
AssetImportWorker is now disconnected from the server
Process exiting
Exiting without the bug reporter. Application will terminate with return code 0