Using pre-set license
Built from '2021.3/staging' branch; Version is '2021.3.6f1 (7da38d85baf6) revision 8233869'; Using compiler version '192829333'; Build Type 'Release'
OS: 'Windows 10  (10.0.19044) 64bit Professional' Language: 'ko' Physical Memory: 16163 MB
BatchMode: 1, IsHumanControllingUs: 0, StartBugReporterOnCrash: 0, Is64bit: 1, IsPro: 1

COMMAND LINE ARGUMENTS:
C:\Program Files\Unity\Hub\Editor\2021.3.6f1\Editor\Unity.exe
-adb2
-batchMode
-noUpm
-name
AssetImportWorker10
-projectPath
C:/Users/USER/UnityProject/GitHub/MyUdemyZombie/MyUdemyZombie
-logFile
Logs/AssetImportWorker10.log
-srvPort
7451
Successfully changed project path to: C:/Users/USER/UnityProject/GitHub/MyUdemyZombie/MyUdemyZombie
C:/Users/USER/UnityProject/GitHub/MyUdemyZombie/MyUdemyZombie
[UnityMemory] Configuration Parameters - Can be set up in boot.config
    "memorysetup-bucket-allocator-granularity=16"
    "memorysetup-bucket-allocator-bucket-count=8"
    "memorysetup-bucket-allocator-block-size=33554432"
    "memorysetup-bucket-allocator-block-count=8"
    "memorysetup-main-allocator-block-size=16777216"
    "memorysetup-thread-allocator-block-size=16777216"
    "memorysetup-gfx-main-allocator-block-size=16777216"
    "memorysetup-gfx-thread-allocator-block-size=16777216"
    "memorysetup-cache-allocator-block-size=4194304"
    "memorysetup-typetree-allocator-block-size=2097152"
    "memorysetup-profiler-bucket-allocator-granularity=16"
    "memorysetup-profiler-bucket-allocator-bucket-count=8"
    "memorysetup-profiler-bucket-allocator-block-size=33554432"
    "memorysetup-profiler-bucket-allocator-block-count=8"
    "memorysetup-profiler-allocator-block-size=16777216"
    "memorysetup-profiler-editor-allocator-block-size=1048576"
    "memorysetup-temp-allocator-size-main=16777216"
    "memorysetup-job-temp-allocator-block-size=2097152"
    "memorysetup-job-temp-allocator-block-size-background=1048576"
    "memorysetup-job-temp-allocator-reduction-small-platforms=262144"
    "memorysetup-temp-allocator-size-background-worker=32768"
    "memorysetup-temp-allocator-size-job-worker=262144"
    "memorysetup-temp-allocator-size-preload-manager=33554432"
    "memorysetup-temp-allocator-size-nav-mesh-worker=65536"
    "memorysetup-temp-allocator-size-audio-worker=65536"
    "memorysetup-temp-allocator-size-cloud-worker=32768"
    "memorysetup-temp-allocator-size-gi-baking-worker=262144"
    "memorysetup-temp-allocator-size-gfx=262144"
Refreshing native plugins compatible for Editor in 96.64 ms, found 3 plugins.
Preloading 0 native plugins for Editor in 0.00 ms.
Initialize engine version: 2021.3.6f1 (7da38d85baf6)
[Subsystems] Discovering subsystems at path C:/Program Files/Unity/Hub/Editor/2021.3.6f1/Editor/Data/Resources/UnitySubsystems
[Subsystems] Discovering subsystems at path C:/Users/USER/UnityProject/GitHub/MyUdemyZombie/MyUdemyZombie/Assets
GfxDevice: creating device client; threaded=0; jobified=0
Direct3D:
    Version:  Direct3D 11.0 [level 11.1]
    Renderer: NVIDIA GeForce RTX 3050 Ti Laptop GPU (ID=0x25a0)
    Vendor:   NVIDIA
    VRAM:     3990 MB
    Driver:   30.0.15.1215
Initialize mono
Mono path[0] = 'C:/Program Files/Unity/Hub/Editor/2021.3.6f1/Editor/Data/Managed'
Mono path[1] = 'C:/Program Files/Unity/Hub/Editor/2021.3.6f1/Editor/Data/MonoBleedingEdge/lib/mono/unityjit-win32'
Mono config path = 'C:/Program Files/Unity/Hub/Editor/2021.3.6f1/Editor/Data/MonoBleedingEdge/etc'
Using monoOptions --debugger-agent=transport=dt_socket,embedding=1,server=y,suspend=n,address=127.0.0.1:56180
Begin MonoManager ReloadAssembly
Registering precompiled unity dll's ...
Register platform support module: C:/Program Files/Unity/Hub/Editor/2021.3.6f1/Editor/Data/PlaybackEngines/WebGLSupport/UnityEditor.WebGL.Extensions.dll
Register platform support module: C:/Program Files/Unity/Hub/Editor/2021.3.6f1/Editor/Data/PlaybackEngines/AndroidPlayer/UnityEditor.Android.Extensions.dll
Register platform support module: C:/Program Files/Unity/Hub/Editor/2021.3.6f1/Editor/Data/PlaybackEngines/WindowsStandaloneSupport/UnityEditor.WindowsStandalone.Extensions.dll
Registered in 0.003383 seconds.
Native extension for WindowsStandalone target not found
Native extension for Android target not found
Native extension for WebGL target not found
Refreshing native plugins compatible for Editor in 81.53 ms, found 3 plugins.
Preloading 0 native plugins for Editor in 0.00 ms.
Mono: successfully reloaded assembly
- Completed reload, in  0.488 seconds
Domain Reload Profiling:
	ReloadAssembly (488ms)
		BeginReloadAssembly (51ms)
			ExecutionOrderSort (0ms)
			DisableScriptedObjects (0ms)
			BackupInstance (0ms)
			ReleaseScriptingObjects (0ms)
			CreateAndSetChildDomain (1ms)
		EndReloadAssembly (362ms)
			LoadAssemblies (51ms)
			RebuildTransferFunctionScriptingTraits (0ms)
			SetupTypeCache (78ms)
			ReleaseScriptCaches (0ms)
			RebuildScriptCaches (20ms)
			SetupLoadedEditorAssemblies (228ms)
				LogAssemblyErrors (0ms)
				InitializePlatformSupportModulesInManaged (41ms)
				SetLoadedEditorAssemblies (0ms)
				RefreshPlugins (82ms)
				BeforeProcessingInitializeOnLoad (1ms)
				ProcessInitializeOnLoadAttributes (72ms)
				ProcessInitializeOnLoadMethodAttributes (32ms)
				AfterProcessingInitializeOnLoad (0ms)
				EditorAssembliesLoaded (0ms)
			ExecutionOrderSort2 (0ms)
			AwakeInstancesAfterBackupRestoration (0ms)
Platform modules already initialized, skipping
Registering precompiled user dll's ...
Registered in 0.002926 seconds.
Begin MonoManager ReloadAssembly
Symbol file LoadedFromMemory doesn't match image C:\Users\USER\UnityProject\GitHub\MyUdemyZombie\MyUdemyZombie\Library\PackageCache\com.unity.visualscripting@1.7.8\Editor\VisualScripting.Core\Dependencies\YamlDotNet\Unity.VisualScripting.YamlDotNet.dll
Symbol file LoadedFromMemory doesn't match image C:\Users\USER\UnityProject\GitHub\MyUdemyZombie\MyUdemyZombie\Library\PackageCache\com.unity.visualscripting@1.7.8\Editor\VisualScripting.Core\Dependencies\DotNetZip\Unity.VisualScripting.IonicZip.dll
Native extension for WindowsStandalone target not found
Native extension for Android target not found
Native extension for WebGL target not found
Refreshing native plugins compatible for Editor in 81.43 ms, found 3 plugins.
Preloading 0 native plugins for Editor in 0.00 ms.
Mono: successfully reloaded assembly
- Completed reload, in  1.028 seconds
Domain Reload Profiling:
	ReloadAssembly (1029ms)
		BeginReloadAssembly (184ms)
			ExecutionOrderSort (0ms)
			DisableScriptedObjects (5ms)
			BackupInstance (0ms)
			ReleaseScriptingObjects (0ms)
			CreateAndSetChildDomain (122ms)
		EndReloadAssembly (761ms)
			LoadAssemblies (57ms)
			RebuildTransferFunctionScriptingTraits (0ms)
			SetupTypeCache (210ms)
			ReleaseScriptCaches (1ms)
			RebuildScriptCaches (42ms)
			SetupLoadedEditorAssemblies (419ms)
				LogAssemblyErrors (0ms)
				InitializePlatformSupportModulesInManaged (10ms)
				SetLoadedEditorAssemblies (0ms)
				RefreshPlugins (81ms)
				BeforeProcessingInitializeOnLoad (73ms)
				ProcessInitializeOnLoadAttributes (235ms)
				ProcessInitializeOnLoadMethodAttributes (18ms)
				AfterProcessingInitializeOnLoad (3ms)
				EditorAssembliesLoaded (0ms)
			ExecutionOrderSort2 (0ms)
			AwakeInstancesAfterBackupRestoration (4ms)
Platform modules already initialized, skipping
========================================================================
Worker process is ready to serve import requests
Launched and connected shader compiler UnityShaderCompiler.exe after 0.02 seconds
Refreshing native plugins compatible for Editor in 0.72 ms, found 3 plugins.
Preloading 0 native plugins for Editor in 0.00 ms.
Unloading 4067 Unused Serialized files (Serialized files now loaded: 0)
Unloading 55 unused Assets / (1.4 MB). Loaded Objects now: 4521.
Memory consumption went from 231.0 MB to 229.6 MB.
Total: 2.777800 ms (FindLiveObjects: 0.274000 ms CreateObjectMapping: 0.104200 ms MarkObjects: 2.165800 ms  DeleteObjects: 0.232100 ms)

AssetImportParameters requested are different than current active one (requested -> active):
  custom:video-decoder-ogg-theora: a1e56fd34408186e4bbccfd4996cb3dc -> 
  custom:container-muxer-webm: aa71ff27fc2769a1b78a27578f13a17b -> 
  custom:container-demuxer-webm: 4f35f7cbe854078d1ac9338744f61a02 -> 
  custom:video-encoder-webm-vp8: eb34c28f22e8b96e1ab97ce403110664 -> 
  custom:audio-encoder-webm-vorbis: bf7c407c2cedff20999df2af8eb42d56 -> 
  custom:framework-win-MediaFoundation: 216162199b28c13a410421893ffa2e32 -> 
  custom:container-demuxer-ogg: 62fdf1f143b41e24485cea50d1cbac27 -> 
  custom:video-decoder-webm-vp8: 9c59270c3fd7afecdb556c50c9e8de78 -> 
  custom:audio-decoder-ogg-vorbis: bf7c407c2cedff20999df2af8eb42d56 -> 
========================================================================
Received Import Request.
  Time since last request: 64079.404610 seconds.
  path: Assets/Game Assets/Muzz/MuzzleFlash/Materials/MuzzleFlash_Texture.mat
  artifactKey: Guid(c143bbd09575d2c408fd634900e2cb07) Importer(815301076,1909f56bfc062723c751e8b465ee728b)
Start importing Assets/Game Assets/Muzz/MuzzleFlash/Materials/MuzzleFlash_Texture.mat using Guid(c143bbd09575d2c408fd634900e2cb07) Importer(815301076,1909f56bfc062723c751e8b465ee728b)  -> (artifact id: 'ec915938e5f832eae2f21e3bbf1b6a6b') in 0.094314 seconds 
========================================================================
Received Import Request.
  Time since last request: 383.641343 seconds.
  path: Assets/Character/FreeTestCharacterAsuna/FBX/Animations/001Idle.fbx
  artifactKey: Guid(d7a2370cd73c52d4d943e64ade1151ef) Importer(815301076,1909f56bfc062723c751e8b465ee728b)
Start importing Assets/Character/FreeTestCharacterAsuna/FBX/Animations/001Idle.fbx using Guid(d7a2370cd73c52d4d943e64ade1151ef) Importer(815301076,1909f56bfc062723c751e8b465ee728b)  -> (artifact id: 'c34ab880366b640513ed33649e30f5a8') in 0.284590 seconds 
========================================================================
Received Import Request.
  Time since last request: 0.000026 seconds.
  path: Assets/Character/FreeTestCharacterAsuna/FBX/CharacterStandardAmmunition/9x19mmCartridge.fbx
  artifactKey: Guid(c9023e9a70c384645861cba3b8b05122) Importer(815301076,1909f56bfc062723c751e8b465ee728b)
Start importing Assets/Character/FreeTestCharacterAsuna/FBX/CharacterStandardAmmunition/9x19mmCartridge.fbx using Guid(c9023e9a70c384645861cba3b8b05122) Importer(815301076,1909f56bfc062723c751e8b465ee728b)  -> (artifact id: '99b8ea98b2cade0f85cf31229a77a39d') in 0.026590 seconds 
========================================================================
Received Import Request.
  Time since last request: 0.000032 seconds.
  path: Assets/Character/FreeTestCharacterAsuna/Prefabs/CharacterStandardAmmunition/9x19mmProjectile.prefab
  artifactKey: Guid(fcd8eda09ebe0574f928812b425a9e5c) Importer(815301076,1909f56bfc062723c751e8b465ee728b)
Start importing Assets/Character/FreeTestCharacterAsuna/Prefabs/CharacterStandardAmmunition/9x19mmProjectile.prefab using Guid(fcd8eda09ebe0574f928812b425a9e5c) Importer(815301076,1909f56bfc062723c751e8b465ee728b)  -> (artifact id: '41461a567ed69d242e81abe87e998961') in 0.018389 seconds 
========================================================================
Received Import Request.
  Time since last request: 0.000028 seconds.
  path: Assets/Character/FreeTestCharacterAsuna/FBX/Animations/004Jump.fbx
  artifactKey: Guid(9358c999a74c183469874ced4ed52b1c) Importer(815301076,1909f56bfc062723c751e8b465ee728b)
Start importing Assets/Character/FreeTestCharacterAsuna/FBX/Animations/004Jump.fbx using Guid(9358c999a74c183469874ced4ed52b1c) Importer(815301076,1909f56bfc062723c751e8b465ee728b)  -> (artifact id: '7d05481fb77cf34937f6d7b5bacc8929') in 0.143078 seconds 
========================================================================
Received Import Request.
  Time since last request: 0.000068 seconds.
  path: Assets/Character/FreeTestCharacterAsuna/FBX/Animations/007Misc.fbx
  artifactKey: Guid(d490d55d5f3cc2b42b07aae22a118ab3) Importer(815301076,1909f56bfc062723c751e8b465ee728b)
Start importing Assets/Character/FreeTestCharacterAsuna/FBX/Animations/007Misc.fbx using Guid(d490d55d5f3cc2b42b07aae22a118ab3) Importer(815301076,1909f56bfc062723c751e8b465ee728b)  -> (artifact id: '84b1557f27528049b745acd24c4f2da7') in 0.143173 seconds 
========================================================================
Received Import Request.
  Time since last request: 0.000080 seconds.
  path: Assets/Character/FreeTestCharacterAsuna/FBX/Animations/002Walk.fbx
  artifactKey: Guid(e97d495423216644b9d0dd0beb76a23c) Importer(815301076,1909f56bfc062723c751e8b465ee728b)
Start importing Assets/Character/FreeTestCharacterAsuna/FBX/Animations/002Walk.fbx using Guid(e97d495423216644b9d0dd0beb76a23c) Importer(815301076,1909f56bfc062723c751e8b465ee728b)  -> (artifact id: '220b815ca3e6593f69561df9cb7a22ed') in 0.142533 seconds 
========================================================================
Received Import Request.
  Time since last request: 0.000037 seconds.
  path: Assets/Character/FreeTestCharacterAsuna/FBX/CharacterStandardAmmunition/9x19mmProjectile.fbx
  artifactKey: Guid(d1339379d734fc14c985566aebade11b) Importer(815301076,1909f56bfc062723c751e8b465ee728b)
Start importing Assets/Character/FreeTestCharacterAsuna/FBX/CharacterStandardAmmunition/9x19mmProjectile.fbx using Guid(d1339379d734fc14c985566aebade11b) Importer(815301076,1909f56bfc062723c751e8b465ee728b)  -> (artifact id: '404466127f5ae55e4b021673c8008dd0') in 0.022842 seconds 
========================================================================
Received Import Request.
  Time since last request: 0.000019 seconds.
  path: Assets/Character/FreeTestCharacterAsuna/FBX/Animations/008Damage.fbx
  artifactKey: Guid(342e9e553ccc9ac44b44feac1dfa60c0) Importer(815301076,1909f56bfc062723c751e8b465ee728b)
Start importing Assets/Character/FreeTestCharacterAsuna/FBX/Animations/008Damage.fbx using Guid(342e9e553ccc9ac44b44feac1dfa60c0) Importer(815301076,1909f56bfc062723c751e8b465ee728b)  -> (artifact id: 'a1dc623cf6bdb2e7d5c5fe841deeddf2') in 0.109954 seconds 
========================================================================
Received Import Request.
  Time since last request: 0.329117 seconds.
  path: Assets/Character/FreeTestCharacterAsuna/FBX/Animations/010Pistol.fbx
  artifactKey: Guid(f6f195dd917589440bbbf644881dd56c) Importer(815301076,1909f56bfc062723c751e8b465ee728b)
Start importing Assets/Character/FreeTestCharacterAsuna/FBX/Animations/010Pistol.fbx using Guid(f6f195dd917589440bbbf644881dd56c) Importer(815301076,1909f56bfc062723c751e8b465ee728b)  -> (artifact id: 'f620ea312c8a1fdf123875ae82991f3f') in 0.104356 seconds 
========================================================================
Received Import Request.
  Time since last request: 0.000022 seconds.
  path: Assets/Character/FreeTestCharacterAsuna/Prefabs/CharacterStandardAmmunition/762x51mmProjectile.prefab
  artifactKey: Guid(cc237826498e2b5459829b0caf121687) Importer(815301076,1909f56bfc062723c751e8b465ee728b)
Start importing Assets/Character/FreeTestCharacterAsuna/Prefabs/CharacterStandardAmmunition/762x51mmProjectile.prefab using Guid(cc237826498e2b5459829b0caf121687) Importer(815301076,1909f56bfc062723c751e8b465ee728b)  -> (artifact id: '2b95db73f943fbf7e706e5654a82385d') in 0.015983 seconds 
========================================================================
Received Import Request.
  Time since last request: 0.000023 seconds.
  path: Assets/Character/FreeTestCharacterAsuna/FBX/CharacterStandardAmmunition/762x51mmProjectile.fbx
  artifactKey: Guid(baa54ed06ec063746992d6792b239deb) Importer(815301076,1909f56bfc062723c751e8b465ee728b)
Start importing Assets/Character/FreeTestCharacterAsuna/FBX/CharacterStandardAmmunition/762x51mmProjectile.fbx using Guid(baa54ed06ec063746992d6792b239deb) Importer(815301076,1909f56bfc062723c751e8b465ee728b)  -> (artifact id: '47abf58f7f2383fd40e3f8490400d079') in 0.018910 seconds 
========================================================================
Received Import Request.
  Time since last request: 0.000026 seconds.
  path: Assets/Character/FreeTestCharacterAsuna/Prefabs/CharacterStandardAmmunition/762x51mmCartridge.prefab
  artifactKey: Guid(7a14fa535299a844d9fe5b292e07929a) Importer(815301076,1909f56bfc062723c751e8b465ee728b)
Start importing Assets/Character/FreeTestCharacterAsuna/Prefabs/CharacterStandardAmmunition/762x51mmCartridge.prefab using Guid(7a14fa535299a844d9fe5b292e07929a) Importer(815301076,1909f56bfc062723c751e8b465ee728b)  -> (artifact id: '18a6a1b47c543fe8ab83853c7d979672') in 0.018368 seconds 
========================================================================
Received Import Request.
  Time since last request: 0.000021 seconds.
  path: Assets/Character/FreeTestCharacterAsuna/Prefabs/CharacterStandardAmmunition/762x51mmRound.prefab
  artifactKey: Guid(b2b46580ca66c1143b3abcf158a29676) Importer(815301076,1909f56bfc062723c751e8b465ee728b)
Start importing Assets/Character/FreeTestCharacterAsuna/Prefabs/CharacterStandardAmmunition/762x51mmRound.prefab using Guid(b2b46580ca66c1143b3abcf158a29676) Importer(815301076,1909f56bfc062723c751e8b465ee728b)  -> (artifact id: 'bb5c1d21b0f552eca02935de19fc3146') in 0.017493 seconds 
========================================================================
Received Import Request.
  Time since last request: 0.000081 seconds.
  path: Assets/Character/FreeTestCharacterAsuna/FBX/AsunaArmor/AsunaArmorKneeLeft.fbx
  artifactKey: Guid(0fee737c72e968a4fb1710304e558eef) Importer(815301076,1909f56bfc062723c751e8b465ee728b)
Start importing Assets/Character/FreeTestCharacterAsuna/FBX/AsunaArmor/AsunaArmorKneeLeft.fbx using Guid(0fee737c72e968a4fb1710304e558eef) Importer(815301076,1909f56bfc062723c751e8b465ee728b)  -> (artifact id: '69007c53455d28c27e7c5a0e7550223b') in 0.052463 seconds 
========================================================================
Received Import Request.
  Time since last request: 0.000031 seconds.
  path: Assets/Character/FreeTestCharacterAsuna/FBX/AsunaArmor/AsunaArmorLowerArmLeft.fbx
  artifactKey: Guid(378ce170110d7cf479d280be4982a3f0) Importer(815301076,1909f56bfc062723c751e8b465ee728b)
Start importing Assets/Character/FreeTestCharacterAsuna/FBX/AsunaArmor/AsunaArmorLowerArmLeft.fbx using Guid(378ce170110d7cf479d280be4982a3f0) Importer(815301076,1909f56bfc062723c751e8b465ee728b)  -> (artifact id: '8d572b275d6550541d4904c8c8a3d2e3') in 0.040266 seconds 
========================================================================
Received Import Request.
  Time since last request: 0.000047 seconds.
  path: Assets/Character/FreeTestCharacterAsuna/FBX/AsunaArmor/AsunaArmorEllbowLeft.fbx
  artifactKey: Guid(f871993c88cb2754095ac4f5d01ee14b) Importer(815301076,1909f56bfc062723c751e8b465ee728b)
Start importing Assets/Character/FreeTestCharacterAsuna/FBX/AsunaArmor/AsunaArmorEllbowLeft.fbx using Guid(f871993c88cb2754095ac4f5d01ee14b) Importer(815301076,1909f56bfc062723c751e8b465ee728b)  -> (artifact id: 'c33b780b7fbbe8f58a706d89d7cbb03f') in 0.037103 seconds 
========================================================================
Received Import Request.
  Time since last request: 0.000053 seconds.
  path: Assets/Character/FreeTestCharacterAsuna/Prefabs/AsunaArmor/AsunaArmorKneeRight.prefab
  artifactKey: Guid(36329f47412fb2340b265d290d2c7df8) Importer(815301076,1909f56bfc062723c751e8b465ee728b)
Start importing Assets/Character/FreeTestCharacterAsuna/Prefabs/AsunaArmor/AsunaArmorKneeRight.prefab using Guid(36329f47412fb2340b265d290d2c7df8) Importer(815301076,1909f56bfc062723c751e8b465ee728b)  -> (artifact id: '755b0ac67b7fb4cce98a1758560bbcfb') in 0.021930 seconds 
========================================================================
Received Import Request.
  Time since last request: 0.000030 seconds.
  path: Assets/Character/FreeTestCharacterAsuna/Prefabs/AsunaArmor/AsunaArmorEllbowRight.prefab
  artifactKey: Guid(1516e66c6a684c243bd67c6745447650) Importer(815301076,1909f56bfc062723c751e8b465ee728b)
Start importing Assets/Character/FreeTestCharacterAsuna/Prefabs/AsunaArmor/AsunaArmorEllbowRight.prefab using Guid(1516e66c6a684c243bd67c6745447650) Importer(815301076,1909f56bfc062723c751e8b465ee728b)  -> (artifact id: '8bf435d00324ac64a45f369187c31c51') in 0.021300 seconds 
========================================================================
Received Import Request.
  Time since last request: 0.000019 seconds.
  path: Assets/Character/FreeTestCharacterAsuna/FBX/Animations/023OneHandMeleeWeapon.fbx
  artifactKey: Guid(48857c97fb2d42f49b7dc2b42d517550) Importer(815301076,1909f56bfc062723c751e8b465ee728b)
Start importing Assets/Character/FreeTestCharacterAsuna/FBX/Animations/023OneHandMeleeWeapon.fbx using Guid(48857c97fb2d42f49b7dc2b42d517550) Importer(815301076,1909f56bfc062723c751e8b465ee728b)  -> (artifact id: '9152e269abe48f61358e6949d24cc2f0') in 0.194250 seconds 
========================================================================
Received Import Request.
  Time since last request: 0.765144 seconds.
  path: Assets/Character/FreeTestCharacterAsuna/FBX/AsunaArmor/AsunaArmorLowerArmRight.fbx
  artifactKey: Guid(7de2d8de19b58f944b91b6c5a044f542) Importer(815301076,1909f56bfc062723c751e8b465ee728b)
Start importing Assets/Character/FreeTestCharacterAsuna/FBX/AsunaArmor/AsunaArmorLowerArmRight.fbx using Guid(7de2d8de19b58f944b91b6c5a044f542) Importer(815301076,1909f56bfc062723c751e8b465ee728b)  -> (artifact id: '74ee0f886af0ae96a28d19825cd10d80') in 0.027592 seconds 
========================================================================
Received Import Request.
  Time since last request: 0.000023 seconds.
  path: Assets/Character/FreeTestCharacterAsuna/FBX/AsunaArmor/AsunaArmorShoulderRight.fbx
  artifactKey: Guid(b43ded0399e28924a88ef156431278e3) Importer(815301076,1909f56bfc062723c751e8b465ee728b)
Start importing Assets/Character/FreeTestCharacterAsuna/FBX/AsunaArmor/AsunaArmorShoulderRight.fbx using Guid(b43ded0399e28924a88ef156431278e3) Importer(815301076,1909f56bfc062723c751e8b465ee728b)  -> (artifact id: '8035cd8077601520555f78934af74e0e') in 0.031432 seconds 
========================================================================
Received Import Request.
  Time since last request: 0.000051 seconds.
  path: Assets/Character/FreeTestCharacterAsuna/Prefabs/AsunaArmor/AsunaArmorUpperArmRight.prefab
  artifactKey: Guid(5b93462a1975e2946aaa65e49ad6c017) Importer(815301076,1909f56bfc062723c751e8b465ee728b)
Start importing Assets/Character/FreeTestCharacterAsuna/Prefabs/AsunaArmor/AsunaArmorUpperArmRight.prefab using Guid(5b93462a1975e2946aaa65e49ad6c017) Importer(815301076,1909f56bfc062723c751e8b465ee728b)  -> (artifact id: 'a69b3152f316bfbf73ecd965424a9ec5') in 0.022063 seconds 
========================================================================
Received Import Request.
  Time since last request: 0.000031 seconds.
  path: Assets/Character/FreeTestCharacterAsuna/FBX/AsunaArmor/AsunaArmorShoulderLeft.fbx
  artifactKey: Guid(5de8eb2942b1e2c4ca5f4a4edbbc615f) Importer(815301076,1909f56bfc062723c751e8b465ee728b)
Start importing Assets/Character/FreeTestCharacterAsuna/FBX/AsunaArmor/AsunaArmorShoulderLeft.fbx using Guid(5de8eb2942b1e2c4ca5f4a4edbbc615f) Importer(815301076,1909f56bfc062723c751e8b465ee728b)  -> (artifact id: '93684a5fa2b4c6ee350428a527bfbf5a') in 0.027273 seconds 
========================================================================
Received Import Request.
  Time since last request: 0.000021 seconds.
  path: Assets/Game Assets/Survival Tools/Meshes/battery.fbx
  artifactKey: Guid(4bea82c2a612ef249aeea0a7f324dc9d) Importer(815301076,1909f56bfc062723c751e8b465ee728b)
Start importing Assets/Game Assets/Survival Tools/Meshes/battery.fbx using Guid(4bea82c2a612ef249aeea0a7f324dc9d) Importer(815301076,1909f56bfc062723c751e8b465ee728b)  -> (artifact id: '526c6dbc53793a20043b6ec0cd46d064') in 0.028170 seconds 
========================================================================
Received Import Request.
  Time since last request: 0.000063 seconds.
  path: Assets/Game Assets/Survival Tools/Prefabs/cannedfood.prefab
  artifactKey: Guid(baa8d2066558c9a4ebcd1853c4c3ac4e) Importer(815301076,1909f56bfc062723c751e8b465ee728b)
Start importing Assets/Game Assets/Survival Tools/Prefabs/cannedfood.prefab using Guid(baa8d2066558c9a4ebcd1853c4c3ac4e) Importer(815301076,1909f56bfc062723c751e8b465ee728b)  -> (artifact id: '23466871c683862141c054d4f7814a05') in 0.026745 seconds 
========================================================================
Received Import Request.
  Time since last request: 0.000024 seconds.
  path: Assets/Game Scene/Fantasy-items/Exit-light/BackShootingGallery/BSGExit/BSGExit.obj
  artifactKey: Guid(ded4757c144fbcb42a31b9585daaed70) Importer(815301076,1909f56bfc062723c751e8b465ee728b)
Start importing Assets/Game Scene/Fantasy-items/Exit-light/BackShootingGallery/BSGExit/BSGExit.obj using Guid(ded4757c144fbcb42a31b9585daaed70) Importer(815301076,1909f56bfc062723c751e8b465ee728b)  -> (artifact id: '4c1a13101fcb8545b337d9e2d73f31ea') in 0.032155 seconds 
========================================================================
Received Import Request.
  Time since last request: 0.000066 seconds.
  path: Assets/Game Scene/Fantasy-items/Barrel/Barrel.fbx
  artifactKey: Guid(198f8f0eadb700c46832596e37bc5419) Importer(815301076,1909f56bfc062723c751e8b465ee728b)
Start importing Assets/Game Scene/Fantasy-items/Barrel/Barrel.fbx using Guid(198f8f0eadb700c46832596e37bc5419) Importer(815301076,1909f56bfc062723c751e8b465ee728b)  -> (artifact id: '0e52803191767daa6965da5c7774b16e') in 0.020178 seconds 
========================================================================
Received Import Request.
  Time since last request: 0.000024 seconds.
  path: Assets/Character/FreeTestCharacterAsuna/Prefabs/AsunaArmor/AsunaArmorUpperArmLeft.prefab
  artifactKey: Guid(9aed30026abb08544a0e1604a7f03803) Importer(815301076,1909f56bfc062723c751e8b465ee728b)
Start importing Assets/Character/FreeTestCharacterAsuna/Prefabs/AsunaArmor/AsunaArmorUpperArmLeft.prefab using Guid(9aed30026abb08544a0e1604a7f03803) Importer(815301076,1909f56bfc062723c751e8b465ee728b)  -> (artifact id: '17d9212607e4c3de4d15e7407f8ad0ab') in 0.023477 seconds 
========================================================================
Received Import Request.
  Time since last request: 0.016183 seconds.
  path: Assets/Game Scene/Fantasy-items/Fire-Alarm/BackShootingGallery/FAButton/FAButton.obj
  artifactKey: Guid(c254b7dd523aa57418434d1f152d3441) Importer(815301076,1909f56bfc062723c751e8b465ee728b)
Start importing Assets/Game Scene/Fantasy-items/Fire-Alarm/BackShootingGallery/FAButton/FAButton.obj using Guid(c254b7dd523aa57418434d1f152d3441) Importer(815301076,1909f56bfc062723c751e8b465ee728b)  -> (artifact id: '707ec06bf47518c63f7630f05306728c') in 0.056868 seconds 
========================================================================
Received Import Request.
  Time since last request: 0.734903 seconds.
  path: Assets/Character/FreeTestCharacterAsuna/FBX/FreeTestCharacterAsuna/FreeTestCharacterAsuna.fbx
  artifactKey: Guid(9e1731dd636f6874eb5a9435655f8273) Importer(815301076,1909f56bfc062723c751e8b465ee728b)
Start importing Assets/Character/FreeTestCharacterAsuna/FBX/FreeTestCharacterAsuna/FreeTestCharacterAsuna.fbx using Guid(9e1731dd636f6874eb5a9435655f8273) Importer(815301076,1909f56bfc062723c751e8b465ee728b)  -> (artifact id: '5f25d0de106aea881b24ba89d3fb0220') in 0.309291 seconds 
Editor requested this worker to shutdown with reason: Scaling down because of idle timeout
AssetImportWorker is now disconnected from the server
Process exiting
Exiting without the bug reporter. Application will terminate with return code 0